* 2d919d3 (HEAD -> main) Agregar subproyecto vendor/demo-subtree (subtree simulado)
*-.   8fb6a76 Octopus merge de 3 features
|\ \  
| | * ac089ee (octopus-feat-c) Add octopus feature C
| * | c94ccc4 (octopus-feat-b) Add octopus feature B
| |/  
* / 5682528 (octopus-feat-a) Add octopus feature A
|/  
*   edc7f3b Merge validado de feature-validate-merge
|\  
| * eb379c2 (feature-validate-merge) Add contenido para validación
|/  
* 44f07fb (feature-rebase-ff) Rebase feature commit 2
* 2616ba0 Rebase feature commit 1
* 98f062e (feature-ffonly) Add feature para ff-only
*   15edc2e Resolver conflicto de merge con feature-conflicto
|\  
| * 20a24d0 (feature-conflicto) Modificar título desde feature
* | 465dee0 Modificar título desde main
|/  
* 86477a0 Agregar archivo para demo de conflicto
* 06dd3bf Squash de feature-3-squash: múltiples commits unificados
| * e6af548 (feature-3-squash) Commit intermedio 3 para squash
| * cbc6368 Commit intermedio 2 para squash
| * 9495cb3 Commit intermedio 1 para squash
|/  
*   a9a70b4 Merge feature con --no-ff
|\  
| * 4830136 (feature-2-noff) Agregar funcionalidad B
| * 282d16a Agregar funcionalidad A
|/  
* 19b0c73 (feature-1-ff) Agregar feature para fusión FF
* f0f08fc (origin/main) Completa Actividad 6: ejercicios, correcciones y documentación
* 83a20b0 (feature/team-feature) Agrega script de colaboración
* aca7a8e (feature/cherry-pick) Corregir error en funcionalidad de rollback
* 1a0933b correcciones y evidencias
* fb43464 correccion actividad 6
* 4d240d2 readme actividad 6
* a4dd9ec actividad 6 preliminar
*   f7af9be Resuelve el conflicto de fusión entre la versión main y feature/advanced-feature
|\  
| * 20e3e75 Agrega la función greet como función avanzada
* | 9ee10d6 Actualizar el mensaje main.py en la rama main
|/  
*   9489e3e Resuelve conflicto de fusión
|\  
| * c470e2b Agrega nueva funcionalidad
* | 460b80e Actualiza main.py en rama main
|/  
* a76c97a correccion readme
* 5635daa actividad 5
* b3d1e65 cambios actividad 3
* 7ae3572 readme actividad 3
* c90dad7 readme actividad 3
* 145b11d actividad 3 correccion
* 3a830f0 Imagenes actividad 4
* a1e1b7d Agregado imagenes actividad 4
* b14dd7a Actividad 4
* 8a87bfc Actividad 4
* b484da4 Correccion imagen
* 249f363 Correccion imagenes
* 0f056dc Correccion
* 45ad894 Actividad 2
* 5d6e2ed correcciones readme
* 5e79dd4 agregando actividad 4
* 7ba83ad agregado de actividades 2 3
* ce1a696 Agregado de ultimas imagenes
* 8172989 Correccion 2
* 5ea7641 Agregado de imagenes 2
* da1529d Correccion imagen 1
* e21951b Agregado de imagen 1
* 667b72a Cambios al Readme
* fd8c5b9 Readme esqueleto
* 7ae47ea Agregando carpetas
* a637b1f (bugfix/rollback-feature) Añadido Actividad1-CC3S2
* cdace2a first commit
